{"/home/usuario/prct11-witcher-api-grupod/src/rutas/bien.rutas.ts": {"path":"/home/usuario/prct11-witcher-api-grupod/src/rutas/bien.rutas.ts","all":false,"statementMap":{"0":{"start":{"line":1,"column":0},"end":{"line":1,"column":131}},"3":{"start":{"line":4,"column":0},"end":{"line":4,"column":33}},"6":{"start":{"line":7,"column":0},"end":{"line":7,"column":24}},"10":{"start":{"line":11,"column":0},"end":{"line":11,"column":29}},"13":{"start":{"line":14,"column":0},"end":{"line":14,"column":29}},"16":{"start":{"line":17,"column":0},"end":{"line":17,"column":32}},"19":{"start":{"line":20,"column":0},"end":{"line":20,"column":45}},"22":{"start":{"line":23,"column":0},"end":{"line":23,"column":59}},"25":{"start":{"line":26,"column":0},"end":{"line":26,"column":47}},"28":{"start":{"line":29,"column":0},"end":{"line":29,"column":47}},"31":{"start":{"line":32,"column":0},"end":{"line":32,"column":45}},"34":{"start":{"line":35,"column":0},"end":{"line":35,"column":35}},"37":{"start":{"line":38,"column":0},"end":{"line":38,"column":48}},"40":{"start":{"line":41,"column":0},"end":{"line":41,"column":62}},"43":{"start":{"line":44,"column":0},"end":{"line":44,"column":50}},"46":{"start":{"line":47,"column":0},"end":{"line":47,"column":50}},"49":{"start":{"line":50,"column":0},"end":{"line":50,"column":48}},"52":{"start":{"line":53,"column":0},"end":{"line":53,"column":38}},"55":{"start":{"line":56,"column":0},"end":{"line":56,"column":51}},"58":{"start":{"line":59,"column":0},"end":{"line":59,"column":65}},"61":{"start":{"line":62,"column":0},"end":{"line":62,"column":53}},"64":{"start":{"line":65,"column":0},"end":{"line":65,"column":53}},"67":{"start":{"line":68,"column":0},"end":{"line":68,"column":51}},"69":{"start":{"line":70,"column":0},"end":{"line":70,"column":22}}},"s":{"0":1,"3":1,"6":1,"10":1,"13":1,"16":1,"19":1,"22":1,"25":1,"28":1,"31":1,"34":1,"37":1,"40":1,"43":1,"46":1,"49":1,"52":1,"55":1,"58":1,"61":1,"64":1,"67":1,"69":1},"branchMap":{},"b":{},"fnMap":{},"f":{}}
,"/home/usuario/prct11-witcher-api-grupod/src/rutas/cazador.rutas.ts": {"path":"/home/usuario/prct11-witcher-api-grupod/src/rutas/cazador.rutas.ts","all":false,"statementMap":{"10":{"start":{"line":11,"column":0},"end":{"line":11,"column":33}},"11":{"start":{"line":12,"column":0},"end":{"line":12,"column":87}},"14":{"start":{"line":15,"column":0},"end":{"line":15,"column":24}},"17":{"start":{"line":18,"column":0},"end":{"line":18,"column":31}},"20":{"start":{"line":21,"column":0},"end":{"line":21,"column":31}},"23":{"start":{"line":24,"column":0},"end":{"line":24,"column":34}},"26":{"start":{"line":27,"column":0},"end":{"line":27,"column":47}},"29":{"start":{"line":30,"column":0},"end":{"line":30,"column":37}},"32":{"start":{"line":33,"column":0},"end":{"line":33,"column":50}},"35":{"start":{"line":36,"column":0},"end":{"line":36,"column":40}},"38":{"start":{"line":39,"column":0},"end":{"line":39,"column":53}},"40":{"start":{"line":41,"column":0},"end":{"line":41,"column":22}}},"s":{"10":1,"11":1,"14":1,"17":1,"20":1,"23":1,"26":1,"29":1,"32":1,"35":1,"38":1,"40":1},"branchMap":{},"b":{},"fnMap":{},"f":{}}
,"/home/usuario/prct11-witcher-api-grupod/src/rutas/mercader.rutas.ts": {"path":"/home/usuario/prct11-witcher-api-grupod/src/rutas/mercader.rutas.ts","all":false,"statementMap":{"0":{"start":{"line":1,"column":0},"end":{"line":1,"column":30}},"1":{"start":{"line":2,"column":0},"end":{"line":2,"column":79}},"3":{"start":{"line":4,"column":0},"end":{"line":4,"column":32}},"5":{"start":{"line":6,"column":0},"end":{"line":6,"column":52}},"6":{"start":{"line":7,"column":0},"end":{"line":7,"column":52}},"8":{"start":{"line":9,"column":0},"end":{"line":9,"column":68}},"9":{"start":{"line":10,"column":0},"end":{"line":10,"column":55}},"11":{"start":{"line":12,"column":0},"end":{"line":12,"column":71}},"12":{"start":{"line":13,"column":0},"end":{"line":13,"column":58}},"14":{"start":{"line":15,"column":0},"end":{"line":15,"column":74}},"15":{"start":{"line":16,"column":0},"end":{"line":16,"column":61}},"17":{"start":{"line":18,"column":0},"end":{"line":18,"column":22}}},"s":{"0":1,"1":1,"3":1,"5":1,"6":1,"8":1,"9":1,"11":1,"12":1,"14":1,"15":1,"17":1},"branchMap":{},"b":{},"fnMap":{},"f":{}}
,"/home/usuario/prct11-witcher-api-grupod/src/rutas/transaccion.rutas.ts": {"path":"/home/usuario/prct11-witcher-api-grupod/src/rutas/transaccion.rutas.ts","all":false,"statementMap":{"0":{"start":{"line":1,"column":0},"end":{"line":1,"column":30}},"1":{"start":{"line":2,"column":0},"end":{"line":2,"column":85}},"3":{"start":{"line":4,"column":0},"end":{"line":4,"column":32}},"8":{"start":{"line":9,"column":0},"end":{"line":9,"column":58}},"11":{"start":{"line":12,"column":0},"end":{"line":12,"column":58}},"14":{"start":{"line":15,"column":0},"end":{"line":15,"column":77}},"17":{"start":{"line":18,"column":0},"end":{"line":18,"column":75}},"20":{"start":{"line":21,"column":0},"end":{"line":21,"column":61}},"23":{"start":{"line":24,"column":0},"end":{"line":24,"column":64}},"26":{"start":{"line":27,"column":0},"end":{"line":27,"column":67}},"28":{"start":{"line":29,"column":0},"end":{"line":29,"column":22}}},"s":{"0":1,"1":1,"3":1,"8":1,"11":1,"14":1,"17":1,"20":1,"23":1,"26":1,"28":1},"branchMap":{},"b":{},"fnMap":{},"f":{}}
}
